[INFO ] 2023-07-13 23:45:24.328 [main]  o.e.Main - Starting Main using Java 14.0.2 on zhuminguandeMBP with PID 83569 (/Users/zhumingyuan/java_workspace/boot-opentelemetry-tempo-simply/SpringApp/target/classes started by zhumingyuan in /Users/zhumingyuan/java_workspace/boot-opentelemetry-tempo-simply)
[INFO ] 2023-07-13 23:45:24.343 [main]  o.e.Main - No active profile set, falling back to default profiles: default
[INFO ] 2023-07-13 23:45:25.857 [main]  o.s.b.w.e.t.TomcatWebServer - Tomcat initialized with port(s): 8080 (http)
[INFO ] 2023-07-13 23:45:25.894 [main]  o.a.c.c.StandardService - Starting service [Tomcat]
[INFO ] 2023-07-13 23:45:25.895 [main]  o.a.c.c.StandardEngine - Starting Servlet engine: [Apache Tomcat/9.0.41]
[INFO ] 2023-07-13 23:45:26.002 [main]  o.a.c.c.C.[.[.[/] - Initializing Spring embedded WebApplicationContext
[INFO ] 2023-07-13 23:45:26.003 [main]  o.s.b.w.s.c.ServletWebServerApplicationContext - Root WebApplicationContext: initialization completed in 1587 ms
[DEBUG] 2023-07-13 23:45:26.185 [main]  o.s.b.w.s.ServletContextInitializerBeans - Mapping filters: filterRegistrationBean urls=[/*] order=-2147483647, characterEncodingFilter urls=[/*] order=-2147483648, otelAutoDispatcherFilter urls=[/*] order=-2147483647, formContentFilter urls=[/*] order=-9900, requestContextFilter urls=[/*] order=-105
[DEBUG] 2023-07-13 23:45:26.186 [main]  o.s.b.w.s.ServletContextInitializerBeans - Mapping servlets: dispatcherServlet urls=[/]
[INFO ] 2023-07-13 23:45:26.375 [main]  o.s.s.c.ThreadPoolTaskExecutor - Initializing ExecutorService 'applicationTaskExecutor'
[DEBUG] 2023-07-13 23:45:26.382 [main]  o.s.w.s.m.m.a.RequestMappingHandlerAdapter - ControllerAdvice beans: 0 @ModelAttribute, 0 @InitBinder, 1 RequestBodyAdvice, 1 ResponseBodyAdvice
[DEBUG] 2023-07-13 23:45:26.506 [main]  o.s.w.s.m.m.a.RequestMappingHandlerMapping - 5 mappings in 'requestMappingHandlerMapping'
[DEBUG] 2023-07-13 23:45:26.536 [main]  o.s.w.s.h.SimpleUrlHandlerMapping - Patterns [/webjars/**, /**] in 'resourceHandlerMapping'
[DEBUG] 2023-07-13 23:45:26.545 [main]  o.s.w.s.m.m.a.ExceptionHandlerExceptionResolver - ControllerAdvice beans: 0 @ExceptionHandler, 1 ResponseBodyAdvice
[INFO ] 2023-07-13 23:45:26.760 [main]  o.s.b.a.e.w.EndpointLinksResolver - Exposing 3 endpoint(s) beneath base path '/actuator'
[INFO ] 2023-07-13 23:45:26.820 [main]  o.s.b.w.e.t.TomcatWebServer - Tomcat started on port(s): 8080 (http) with context path ''
[INFO ] 2023-07-13 23:45:26.838 [main]  o.e.Main - Started Main in 2.956 seconds (JVM running for 5.959)
[INFO ] 2023-07-13 23:46:57.760 [http-nio-8080-exec-1]  o.a.c.c.C.[.[.[/] - Initializing Spring DispatcherServlet 'dispatcherServlet'
[INFO ] 2023-07-13 23:46:57.769 [http-nio-8080-exec-1]  o.s.w.s.DispatcherServlet - Initializing Servlet 'dispatcherServlet'
[DEBUG] 2023-07-13 23:46:57.769 [http-nio-8080-exec-1]  o.s.w.s.DispatcherServlet - Detected StandardServletMultipartResolver
[DEBUG] 2023-07-13 23:46:57.770 [http-nio-8080-exec-1]  o.s.w.s.DispatcherServlet - Detected AcceptHeaderLocaleResolver
[DEBUG] 2023-07-13 23:46:57.770 [http-nio-8080-exec-1]  o.s.w.s.DispatcherServlet - Detected FixedThemeResolver
[DEBUG] 2023-07-13 23:46:57.771 [http-nio-8080-exec-1]  o.s.w.s.DispatcherServlet - Detected org.springframework.web.servlet.view.DefaultRequestToViewNameTranslator@6a1abed2
[DEBUG] 2023-07-13 23:46:57.772 [http-nio-8080-exec-1]  o.s.w.s.DispatcherServlet - Detected org.springframework.web.servlet.support.SessionFlashMapManager@55192ce6
[DEBUG] 2023-07-13 23:46:57.772 [http-nio-8080-exec-1]  o.s.w.s.DispatcherServlet - enableLoggingRequestDetails='false': request parameters and headers will be masked to prevent unsafe logging of potentially sensitive data
[INFO ] 2023-07-13 23:46:57.772 [http-nio-8080-exec-1]  o.s.w.s.DispatcherServlet - Completed initialization in 3 ms
[DEBUG] 2023-07-13 23:46:57.809 [http-nio-8080-exec-1]  o.s.w.s.h.SimpleUrlHandlerMapping - Mapped to ResourceHttpRequestHandler [class path resource [META-INF/resources/], class path resource [resources/], class path resource [static/], class path resource [public/], ServletContext resource [/]]
[DEBUG] 2023-07-13 23:46:57.833 [http-nio-8080-exec-1]  o.s.w.s.DispatcherServlet - GET "/", parameters={}
[DEBUG] 2023-07-13 23:46:57.839 [http-nio-8080-exec-1]  o.s.w.s.h.SimpleUrlHandlerMapping - Mapped to ResourceHttpRequestHandler [class path resource [META-INF/resources/], class path resource [resources/], class path resource [static/], class path resource [public/], ServletContext resource [/]]
[DEBUG] 2023-07-13 23:46:57.845 [http-nio-8080-exec-1]  o.s.w.s.r.ResourceHttpRequestHandler - Resource not found
[DEBUG] 2023-07-13 23:46:57.847 [http-nio-8080-exec-1]  o.s.w.s.DispatcherServlet - Completed 404 NOT_FOUND
[DEBUG] 2023-07-13 23:46:57.858 [http-nio-8080-exec-1]  o.s.w.s.DispatcherServlet - "ERROR" dispatch for GET "/error", parameters={}
[DEBUG] 2023-07-13 23:46:57.862 [http-nio-8080-exec-1]  o.s.w.s.m.m.a.RequestMappingHandlerMapping - Mapped to org.springframework.boot.autoconfigure.web.servlet.error.BasicErrorController#errorHtml(HttpServletRequest, HttpServletResponse)
[DEBUG] 2023-07-13 23:46:57.902 [http-nio-8080-exec-1]  o.s.w.s.v.ContentNegotiatingViewResolver - Selected 'text/html' given [text/html, text/html;q=0.8]
[DEBUG] 2023-07-13 23:46:57.907 [http-nio-8080-exec-1]  o.s.w.s.DispatcherServlet - Exiting from "ERROR" dispatch, status 404
[DEBUG] 2023-07-13 23:47:03.758 [http-nio-8080-exec-2]  o.s.w.s.m.m.a.RequestMappingHandlerMapping - Mapped to org.example.GreetingController#greeting3(String)
[DEBUG] 2023-07-13 23:47:03.766 [http-nio-8080-exec-2]  o.s.w.s.DispatcherServlet - GET "/greeting3", parameters={}
[DEBUG] 2023-07-13 23:47:03.767 [http-nio-8080-exec-2]  o.s.w.s.m.m.a.RequestMappingHandlerMapping - Mapped to org.example.GreetingController#greeting3(String)
[DEBUG] 2023-07-13 23:47:06.931 [http-nio-8080-exec-2]  o.s.w.s.m.m.a.RequestResponseBodyMethodProcessor - Using 'application/json;q=0.8', given [text/html, application/xhtml+xml, image/avif, image/webp, image/apng, application/xml;q=0.9, application/signed-exchange;v=b3;q=0.7, */*;q=0.8] and supported [application/json, application/*+json, application/json, application/*+json]
[DEBUG] 2023-07-13 23:47:06.941 [http-nio-8080-exec-2]  o.s.w.s.m.m.a.RequestResponseBodyMethodProcessor - Writing [org.example.Greeting@ba6a68d]
[DEBUG] 2023-07-13 23:47:06.991 [http-nio-8080-exec-2]  o.s.w.s.DispatcherServlet - Completed 200 OK
[DEBUG] 2023-07-13 23:47:14.076 [http-nio-8080-exec-3]  o.s.w.s.m.m.a.RequestMappingHandlerMapping - Mapped to org.example.GreetingController#greeting3(String)
[DEBUG] 2023-07-13 23:47:14.077 [http-nio-8080-exec-3]  o.s.w.s.DispatcherServlet - GET "/greeting3", parameters={}
[DEBUG] 2023-07-13 23:47:14.078 [http-nio-8080-exec-3]  o.s.w.s.m.m.a.RequestMappingHandlerMapping - Mapped to org.example.GreetingController#greeting3(String)
[DEBUG] 2023-07-13 23:47:17.085 [http-nio-8080-exec-3]  o.s.w.s.m.m.a.RequestResponseBodyMethodProcessor - Using 'application/json;q=0.8', given [text/html, application/xhtml+xml, image/avif, image/webp, image/apng, application/xml;q=0.9, application/signed-exchange;v=b3;q=0.7, */*;q=0.8] and supported [application/json, application/*+json, application/json, application/*+json]
[DEBUG] 2023-07-13 23:47:17.086 [http-nio-8080-exec-3]  o.s.w.s.m.m.a.RequestResponseBodyMethodProcessor - Writing [org.example.Greeting@4d0206ac]
[DEBUG] 2023-07-13 23:47:17.088 [http-nio-8080-exec-3]  o.s.w.s.DispatcherServlet - Completed 200 OK
